
> frontend-storybook@1.0.0 build-storybook
> storybook build --output-dir /var/folders/lc/6pftymyd5m96hv_nv18ch7zh0000gn/T/chromatic--11167-2TymibjuQSS0

@storybook/cli v8.0.8

info => Cleaning outputDir: ../../../var/folders/lc/6pftymyd5m96hv_nv18ch7zh0000gn/T/chromatic--11167-2TymibjuQSS0
info => Loading presets
info => Building manager..
info => Manager built (117 ms)
info => Building preview..
info Addon-docs: using MDX3
info => Using implicit CSS loaders
info => Using default Webpack5 setup
WARN asset size limit: The following asset(s) exceed the recommended size limit (244 KiB).
WARN This can impact web performance.
WARN Assets: 
WARN   static/media/addon-library.7a58d2cb.png (456 KiB)
WARN   3.cf929790.iframe.bundle.js (626 KiB)
WARN   841.776a7a8b.iframe.bundle.js (1.52 MiB)
WARN entrypoint size limit: The following entrypoint(s) combined asset size exceeds the recommended limit (244 KiB). This can impact web performance.
WARN Entrypoints:
WARN   main (1.54 MiB)
WARN       runtime~main.eb9782fc.iframe.bundle.js
WARN       841.776a7a8b.iframe.bundle.js
WARN       main.8aa113c0.iframe.bundle.js
WARN 
info => Preview built (6.04 s)
info => Output directory: /var/folders/lc/6pftymyd5m96hv_nv18ch7zh0000gn/T/chromatic--11167-2TymibjuQSS0
